<?xml version="1.0" encoding="UTF-8"?>
<coverage generated="1721258577076" clover="3.2.0">
  <project timestamp="1721258577077" name="All files">
    <metrics statements="13" coveredstatements="13" conditionals="7" coveredconditionals="7" methods="2" coveredmethods="2" elements="22" coveredelements="22" complexity="0" loc="13" ncloc="13" packages="1" files="1" classes="1"/>
    <file name="PasswordChecker.ts" path="C:\Users\vinic\OneDrive\Desktop\Projects\jest_lessons\src\app\PasswordChecker\PasswordChecker.ts">
      <metrics statements="13" coveredstatements="13" conditionals="7" coveredconditionals="7" methods="2" coveredmethods="2"/>
      <line num="1" count="1" type="cond" truecount="2" falsecount="0"/>
      <line num="2" count="1" type="stmt"/>
      <line num="3" count="1" type="stmt"/>
      <line num="4" count="1" type="stmt"/>
      <line num="13" count="1" type="stmt"/>
      <line num="15" count="7" type="stmt"/>
      <line num="17" count="7" type="cond" truecount="1" falsecount="0"/>
      <line num="18" count="5" type="stmt"/>
      <line num="20" count="7" type="cond" truecount="1" falsecount="0"/>
      <line num="21" count="3" type="stmt"/>
      <line num="23" count="7" type="cond" truecount="1" falsecount="0"/>
      <line num="24" count="3" type="stmt"/>
      <line num="27" count="7" type="stmt"/>
    </file>
  </project>
</coverage>
