{"C:\\Users\\vinic\\OneDrive\\Desktop\\Projects\\jest_lessons\\src\\app\\doubles\\OtherUtils.ts": {"path":"C:\\Users\\vinic\\OneDrive\\Desktop\\Projects\\jest_lessons\\src\\app\\doubles\\OtherUtils.ts","statementMap":{"0":{"start":{"line":11,"column":35},"end":{"line":13,"column":1}},"1":{"start":{"line":12,"column":4},"end":{"line":12,"column":72}},"2":{"start":{"line":11,"column":13},"end":{"line":11,"column":35}}},"fnMap":{"0":{"name":"(anonymous_0)","decl":{"start":{"line":11,"column":35},"end":{"line":11,"column":36}},"loc":{"start":{"line":11,"column":62},"end":{"line":13,"column":1}}}},"branchMap":{},"s":{"0":1,"1":1,"2":1},"f":{"0":1},"b":{}}
}
