TN:
SF:src\app\server_app\data\DataBase.ts
FN:7,(anonymous_7)
FN:11,(anonymous_8)
FN:17,(anonymous_10)
FN:18,(anonymous_12)
FN:21,(anonymous_13)
FN:22,(anonymous_15)
FN:25,(anonymous_16)
FN:26,(anonymous_18)
FN:30,(anonymous_19)
FN:31,(anonymous_21)
FN:35,(anonymous_22)
FNF:11
FNH:11
FNDA:6,(anonymous_7)
FNDA:8,(anonymous_8)
FNDA:3,(anonymous_10)
FNDA:2,(anonymous_12)
FNDA:1,(anonymous_13)
FNDA:2,(anonymous_15)
FNDA:1,(anonymous_16)
FNDA:1,(anonymous_18)
FNDA:1,(anonymous_19)
FNDA:1,(anonymous_21)
FNDA:1,(anonymous_22)
DA:1,1
DA:7,1
DA:9,6
DA:12,8
DA:13,8
DA:14,8
DA:18,3
DA:22,2
DA:26,1
DA:27,1
DA:31,1
DA:32,1
DA:36,1
LF:13
LH:13
BRF:0
BRH:0
end_of_record
TN:
SF:src\app\server_app\data\IdGenerator.ts
FN:3,generateRandomId
FNF:1
FNH:0
FNDA:0,generateRandomId
DA:1,1
DA:3,1
DA:4,0
DA:5,0
LF:4
LH:2
BRF:0
BRH:0
end_of_record
