TN:
SF:src\app\server_app\server\Server.ts
FN:9,(anonymous_7)
FN:15,(anonymous_8)
FN:16,(anonymous_10)
FN:16,(anonymous_11)
FN:26,(anonymous_12)
FN:49,(anonymous_14)
FN:56,(anonymous_15)
FN:59,(anonymous_17)
FN:60,(anonymous_18)
FNF:9
FNH:6
FNDA:3,(anonymous_7)
FNDA:3,(anonymous_8)
FNDA:3,(anonymous_10)
FNDA:3,(anonymous_11)
FNDA:3,(anonymous_12)
FNDA:3,(anonymous_14)
FNDA:0,(anonymous_15)
FNDA:0,(anonymous_17)
FNDA:0,(anonymous_18)
DA:1,1
DA:2,1
DA:3,1
DA:4,1
DA:5,1
DA:6,1
DA:7,1
DA:9,1
DA:12,3
DA:13,3
DA:16,3
DA:17,3
DA:18,3
DA:19,3
DA:20,3
DA:22,3
DA:23,3
DA:27,3
DA:28,3
DA:29,3
DA:31,3
DA:32,3
DA:34,0
DA:35,0
DA:37,0
DA:38,0
DA:39,0
DA:41,0
DA:44,0
DA:45,0
DA:50,3
DA:51,3
DA:52,3
DA:57,0
DA:58,0
DA:59,0
DA:60,0
DA:61,0
DA:62,0
DA:64,0
DA:65,0
LF:41
LH:25
BRDA:29,0,0,3
BRDA:29,0,1,0
BRDA:29,0,2,0
BRDA:29,0,3,0
BRDA:51,1,0,3
BRDA:57,2,0,0
BRDA:61,3,0,0
BRDA:61,3,1,0
BRF:8
BRH:2
end_of_record
